<?xml version="1.0" encoding="UTF-8"?>
<!-- Generated by org.testng.reporters.JUnitXMLReporter -->
<testsuite ignored="0" hostname="LAPTOP-OSND8UF5" failures="0" tests="3" name="Default test" time="0.088" errors="0" timestamp="2022-06-06T16:06:36 IST">
  <testcase classname="TestClasses.VerifyUserCanBuyProduct" name="@BeforeClass beforeClass" time="-1.654511796605E9">
    <failure type="org.testng.TestNGException" message="
Parameter &amp;apos;browser&amp;apos; is required by BeforeClass on method beforeClass but has not been marked @Optional or defined
in C:\Users\ramwa\AppData\Local\Temp\testng-eclipse--61827992\testng-customsuite.xml">
      <![CDATA[org.testng.TestNGException: 
Parameter 'browser' is required by BeforeClass on method beforeClass but has not been marked @Optional or defined
in C:\Users\ramwa\AppData\Local\Temp\testng-eclipse--61827992\testng-customsuite.xml
at org.testng.internal.Parameters.createParams(Parameters.java:270)
at org.testng.internal.Parameters.createParametersForMethod(Parameters.java:358)
at org.testng.internal.Parameters.createParameters(Parameters.java:700)
at org.testng.internal.Parameters.createConfigurationParameters(Parameters.java:168)
at org.testng.internal.ConfigInvoker.invokeConfigurations(ConfigInvoker.java:302)
at org.testng.internal.TestMethodWorker.invokeBeforeClassMethods(TestMethodWorker.java:176)
at org.testng.internal.TestMethodWorker.run(TestMethodWorker.java:122)
at java.base/java.util.ArrayList.forEach(ArrayList.java:1511)
at org.testng.TestRunner.privateRun(TestRunner.java:794)
at org.testng.TestRunner.run(TestRunner.java:596)
at org.testng.SuiteRunner.runTest(SuiteRunner.java:377)
at org.testng.SuiteRunner.runSequentially(SuiteRunner.java:371)
at org.testng.SuiteRunner.privateRun(SuiteRunner.java:332)
at org.testng.SuiteRunner.run(SuiteRunner.java:276)
at org.testng.SuiteRunnerWorker.runSuite(SuiteRunnerWorker.java:53)
at org.testng.SuiteRunnerWorker.run(SuiteRunnerWorker.java:96)
at org.testng.TestNG.runSuitesSequentially(TestNG.java:1212)
at org.testng.TestNG.runSuitesLocally(TestNG.java:1134)
at org.testng.TestNG.runSuites(TestNG.java:1063)
at org.testng.TestNG.run(TestNG.java:1031)
at org.testng.remote.AbstractRemoteTestNG.run(AbstractRemoteTestNG.java:115)
at org.testng.remote.RemoteTestNG.initAndRun(RemoteTestNG.java:251)
at org.testng.remote.RemoteTestNG.main(RemoteTestNG.java:77)
]]>
    </failure>
  </testcase> <!-- @BeforeClass beforeClass -->
  <testcase classname="TestClasses.VerifyUserCanBuyProduct" name="@BeforeMethod beforeMethod" time="-1.654511796634E9">
    <skipped/>
  </testcase> <!-- @BeforeMethod beforeMethod -->
  <testcase classname="TestClasses.VerifyUserCanBuyProduct" name="@AfterMethod afterMethod" time="-1.654511796653E9">
    <skipped/>
  </testcase> <!-- @AfterMethod afterMethod -->
  <testcase classname="TestClasses.VerifyUserCanBuyProduct" name="@BeforeMethod beforeMethod" time="-1.654511796657E9">
    <skipped/>
  </testcase> <!-- @BeforeMethod beforeMethod -->
  <testcase classname="TestClasses.VerifyUserCanBuyProduct" name="@AfterMethod afterMethod" time="-1.654511796661E9">
    <skipped/>
  </testcase> <!-- @AfterMethod afterMethod -->
  <testcase classname="TestClasses.VerifyUserCanBuyProduct" name="@BeforeMethod beforeMethod" time="-1.654511796663E9">
    <skipped/>
  </testcase> <!-- @BeforeMethod beforeMethod -->
  <testcase classname="TestClasses.VerifyUserCanBuyProduct" name="@AfterMethod afterMethod" time="-1.654511796667E9">
    <skipped/>
  </testcase> <!-- @AfterMethod afterMethod -->
  <testcase classname="TestClasses.VerifyUserCanBuyProduct" name="@AfterClass afterClass" time="-1.654511796669E9">
    <skipped/>
  </testcase> <!-- @AfterClass afterClass -->
  <testcase classname="TestClasses.VerifyUserCanBuyProduct" name="verifyUserCanLogin" time="0.0">
    <skipped/>
  </testcase> <!-- verifyUserCanLogin -->
  <testcase classname="TestClasses.VerifyUserCanBuyProduct" name="VerifyUserCanSearchProduct" time="0.0">
    <skipped/>
  </testcase> <!-- VerifyUserCanSearchProduct -->
  <testcase classname="TestClasses.VerifyUserCanBuyProduct" name="verifyUserCanSelectProductAndMoveToProductDetailsPage" time="0.0">
    <skipped/>
  </testcase> <!-- verifyUserCanSelectProductAndMoveToProductDetailsPage -->
</testsuite> <!-- Default test -->
