<?xml version="1.0" encoding="UTF-8"?>
<!-- Generated by org.testng.reporters.JUnitXMLReporter -->
<testsuite ignored="0" hostname="LAPTOP-OSND8UF5" failures="1" tests="4" name="chromeTest" time="171.278" errors="0" timestamp="2022-07-05T22:53:11 IST">
  <testcase classname="TestClasses.VerifyUserCanBuyProduct" name="verifyUserCanLogin" time="10.819"/>
  <testcase classname="TestClasses.VerifyUserCanBuyProduct" name="VerifyUserCanSearchProduct" time="12.954"/>
  <testcase classname="TestClasses.VerifyUserCanBuyProduct" name="verifyUserCanSelectProductAndMoveToProductDetailsPage" time="69.757">
    <failure type="java.lang.AssertionError" message="expected [true] but found [false]">
      <![CDATA[java.lang.AssertionError: expected [true] but found [false]
at TestClasses.VerifyUserCanBuyProduct.verifyUserCanSelectProductAndMoveToProductDetailsPage(VerifyUserCanBuyProduct.java:78)
at java.base/java.util.ArrayList.forEach(ArrayList.java:1511)
... Removed 31 stack frames]]>
    </failure>
  </testcase> <!-- verifyUserCanSelectProductAndMoveToProductDetailsPage -->
  <testcase classname="TestClasses.VerifyUserCanRemoverProductsFromCart" name="test1" time="0.005"/>
</testsuite> <!-- chromeTest -->
