<?xml version="1.0" encoding="UTF-8"?>
<testng-results ignored="0" total="4" passed="3" failed="1" skipped="0">
  <reporter-output>
  </reporter-output>
  <suite started-at="2022-07-05T22:50:19 IST" name="Suite" finished-at="2022-07-05T22:53:10 IST" duration-ms="171278">
    <groups>
    </groups>
    <test started-at="2022-07-05T22:50:19 IST" name="chromeTest" finished-at="2022-07-05T22:53:10 IST" duration-ms="171278">
      <class name="TestClasses.VerifyUserCanRemoverProductsFromCart">
        <test-method is-config="true" signature="beforeClass()[pri:0, instance:TestClasses.VerifyUserCanRemoverProductsFromCart@49139829]" started-at="2022-07-05T22:53:10 IST" name="beforeClass" finished-at="2022-07-05T22:53:10 IST" duration-ms="1" status="PASS">
          <reporter-output>
          </reporter-output>
        </test-method> <!-- beforeClass -->
        <test-method is-config="true" signature="beforeMethod()[pri:0, instance:TestClasses.VerifyUserCanRemoverProductsFromCart@49139829]" started-at="2022-07-05T22:53:10 IST" name="beforeMethod" finished-at="2022-07-05T22:53:10 IST" duration-ms="1" status="PASS">
          <reporter-output>
          </reporter-output>
        </test-method> <!-- beforeMethod -->
        <test-method signature="test1()[pri:0, instance:TestClasses.VerifyUserCanRemoverProductsFromCart@49139829]" started-at="2022-07-05T22:53:10 IST" name="test1" finished-at="2022-07-05T22:53:10 IST" duration-ms="5" status="PASS">
          <reporter-output>
          </reporter-output>
        </test-method> <!-- test1 -->
        <test-method is-config="true" signature="afterMethod()[pri:0, instance:TestClasses.VerifyUserCanRemoverProductsFromCart@49139829]" started-at="2022-07-05T22:53:10 IST" name="afterMethod" finished-at="2022-07-05T22:53:10 IST" duration-ms="1" status="PASS">
          <reporter-output>
          </reporter-output>
        </test-method> <!-- afterMethod -->
        <test-method is-config="true" signature="afterClass()[pri:0, instance:TestClasses.VerifyUserCanRemoverProductsFromCart@49139829]" started-at="2022-07-05T22:53:10 IST" name="afterClass" finished-at="2022-07-05T22:53:10 IST" duration-ms="1" status="PASS">
          <reporter-output>
          </reporter-output>
        </test-method> <!-- afterClass -->
      </class> <!-- TestClasses.VerifyUserCanRemoverProductsFromCart -->
      <class name="TestClasses.VerifyUserCanBuyProduct">
        <test-method is-config="true" signature="beforeClass(java.lang.String)[pri:0, instance:TestClasses.VerifyUserCanBuyProduct@2b662a77]" started-at="2022-07-05T22:50:19 IST" name="beforeClass" finished-at="2022-07-05T22:51:36 IST" duration-ms="76467" status="PASS">
          <params>
            <param index="0">
              <value>
                <![CDATA[chrome]]>
              </value>
            </param>
          </params>
          <reporter-output>
          </reporter-output>
        </test-method> <!-- beforeClass -->
        <test-method is-config="true" signature="beforeMethod()[pri:0, instance:TestClasses.VerifyUserCanBuyProduct@2b662a77]" started-at="2022-07-05T22:51:36 IST" name="beforeMethod" finished-at="2022-07-05T22:51:36 IST" duration-ms="94" status="PASS">
          <reporter-output>
          </reporter-output>
        </test-method> <!-- beforeMethod -->
        <test-method signature="verifyUserCanLogin()[pri:1, instance:TestClasses.VerifyUserCanBuyProduct@2b662a77]" started-at="2022-07-05T22:51:36 IST" name="verifyUserCanLogin" finished-at="2022-07-05T22:51:47 IST" duration-ms="10819" status="PASS">
          <reporter-output>
          </reporter-output>
        </test-method> <!-- verifyUserCanLogin -->
        <test-method is-config="true" signature="afterMethod(org.testng.ITestResult)[pri:0, instance:TestClasses.VerifyUserCanBuyProduct@2b662a77]" started-at="2022-07-05T22:51:47 IST" name="afterMethod" finished-at="2022-07-05T22:51:47 IST" duration-ms="22" status="PASS">
          <params>
            <param index="0">
              <value>
                <![CDATA[[TestResult name=verifyUserCanLogin status=SUCCESS method=VerifyUserCanBuyProduct.verifyUserCanLogin()[pri:1, instance:TestClasses.VerifyUserCanBuyProduct@2b662a77] output={null}]]]>
              </value>
            </param>
          </params>
          <reporter-output>
          </reporter-output>
        </test-method> <!-- afterMethod -->
        <test-method is-config="true" signature="beforeMethod()[pri:0, instance:TestClasses.VerifyUserCanBuyProduct@2b662a77]" started-at="2022-07-05T22:51:47 IST" name="beforeMethod" finished-at="2022-07-05T22:51:47 IST" duration-ms="9" status="PASS">
          <reporter-output>
          </reporter-output>
        </test-method> <!-- beforeMethod -->
        <test-method signature="VerifyUserCanSearchProduct()[pri:2, instance:TestClasses.VerifyUserCanBuyProduct@2b662a77]" started-at="2022-07-05T22:51:47 IST" name="VerifyUserCanSearchProduct" finished-at="2022-07-05T22:52:00 IST" duration-ms="12954" status="PASS">
          <reporter-output>
          </reporter-output>
        </test-method> <!-- VerifyUserCanSearchProduct -->
        <test-method is-config="true" signature="afterMethod(org.testng.ITestResult)[pri:0, instance:TestClasses.VerifyUserCanBuyProduct@2b662a77]" started-at="2022-07-05T22:52:00 IST" name="afterMethod" finished-at="2022-07-05T22:52:00 IST" duration-ms="2" status="PASS">
          <params>
            <param index="0">
              <value>
                <![CDATA[[TestResult name=VerifyUserCanSearchProduct status=SUCCESS method=VerifyUserCanBuyProduct.VerifyUserCanSearchProduct()[pri:2, instance:TestClasses.VerifyUserCanBuyProduct@2b662a77] output={null}]]]>
              </value>
            </param>
          </params>
          <reporter-output>
          </reporter-output>
        </test-method> <!-- afterMethod -->
        <test-method is-config="true" signature="beforeMethod()[pri:0, instance:TestClasses.VerifyUserCanBuyProduct@2b662a77]" started-at="2022-07-05T22:52:00 IST" name="beforeMethod" finished-at="2022-07-05T22:52:00 IST" duration-ms="2" status="PASS">
          <reporter-output>
          </reporter-output>
        </test-method> <!-- beforeMethod -->
        <test-method signature="verifyUserCanSelectProductAndMoveToProductDetailsPage()[pri:3, instance:TestClasses.VerifyUserCanBuyProduct@2b662a77]" started-at="2022-07-05T22:52:00 IST" name="verifyUserCanSelectProductAndMoveToProductDetailsPage" finished-at="2022-07-05T22:53:09 IST" duration-ms="69757" status="FAIL">
          <exception class="java.lang.AssertionError">
            <message>
              <![CDATA[expected [true] but found [false]]]>
            </message>
            <full-stacktrace>
              <![CDATA[java.lang.AssertionError: expected [true] but found [false]
at org.testng.Assert.fail(Assert.java:99)
at org.testng.Assert.failNotEquals(Assert.java:1037)
at org.testng.Assert.assertTrue(Assert.java:45)
at org.testng.Assert.assertTrue(Assert.java:55)
at TestClasses.VerifyUserCanBuyProduct.verifyUserCanSelectProductAndMoveToProductDetailsPage(VerifyUserCanBuyProduct.java:78)
at java.base/jdk.internal.reflect.NativeMethodAccessorImpl.invoke0(Native Method)
at java.base/jdk.internal.reflect.NativeMethodAccessorImpl.invoke(NativeMethodAccessorImpl.java:77)
at java.base/jdk.internal.reflect.DelegatingMethodAccessorImpl.invoke(DelegatingMethodAccessorImpl.java:43)
at java.base/java.lang.reflect.Method.invoke(Method.java:568)
at org.testng.internal.MethodInvocationHelper.invokeMethod(MethodInvocationHelper.java:133)
at org.testng.internal.TestInvoker.invokeMethod(TestInvoker.java:598)
at org.testng.internal.TestInvoker.invokeTestMethod(TestInvoker.java:173)
at org.testng.internal.MethodRunner.runInSequence(MethodRunner.java:46)
at org.testng.internal.TestInvoker$MethodInvocationAgent.invoke(TestInvoker.java:824)
at org.testng.internal.TestInvoker.invokeTestMethods(TestInvoker.java:146)
at org.testng.internal.TestMethodWorker.invokeTestMethods(TestMethodWorker.java:146)
at org.testng.internal.TestMethodWorker.run(TestMethodWorker.java:128)
at java.base/java.util.ArrayList.forEach(ArrayList.java:1511)
at org.testng.TestRunner.privateRun(TestRunner.java:794)
at org.testng.TestRunner.run(TestRunner.java:596)
at org.testng.SuiteRunner.runTest(SuiteRunner.java:377)
at org.testng.SuiteRunner.runSequentially(SuiteRunner.java:371)
at org.testng.SuiteRunner.privateRun(SuiteRunner.java:332)
at org.testng.SuiteRunner.run(SuiteRunner.java:276)
at org.testng.SuiteRunnerWorker.runSuite(SuiteRunnerWorker.java:53)
at org.testng.SuiteRunnerWorker.run(SuiteRunnerWorker.java:96)
at org.testng.TestNG.runSuitesSequentially(TestNG.java:1212)
at org.testng.TestNG.runSuitesLocally(TestNG.java:1134)
at org.testng.TestNG.runSuites(TestNG.java:1063)
at org.testng.TestNG.run(TestNG.java:1031)
at org.testng.remote.AbstractRemoteTestNG.run(AbstractRemoteTestNG.java:115)
at org.testng.remote.RemoteTestNG.initAndRun(RemoteTestNG.java:251)
at org.testng.remote.RemoteTestNG.main(RemoteTestNG.java:77)
]]>
            </full-stacktrace>
          </exception> <!-- java.lang.AssertionError -->
          <reporter-output>
          </reporter-output>
        </test-method> <!-- verifyUserCanSelectProductAndMoveToProductDetailsPage -->
        <test-method is-config="true" signature="afterMethod(org.testng.ITestResult)[pri:0, instance:TestClasses.VerifyUserCanBuyProduct@2b662a77]" started-at="2022-07-05T22:53:09 IST" name="afterMethod" finished-at="2022-07-05T22:53:10 IST" duration-ms="304" status="PASS">
          <params>
            <param index="0">
              <value>
                <![CDATA[[TestResult name=verifyUserCanSelectProductAndMoveToProductDetailsPage status=FAILURE method=VerifyUserCanBuyProduct.verifyUserCanSelectProductAndMoveToProductDetailsPage()[pri:3, instance:TestClasses.VerifyUserCanBuyProduct@2b662a77] output={null}]]]>
              </value>
            </param>
          </params>
          <reporter-output>
          </reporter-output>
        </test-method> <!-- afterMethod -->
        <test-method is-config="true" signature="afterClass()[pri:0, instance:TestClasses.VerifyUserCanBuyProduct@2b662a77]" started-at="2022-07-05T22:53:10 IST" name="afterClass" finished-at="2022-07-05T22:53:10 IST" duration-ms="743" status="PASS">
          <reporter-output>
          </reporter-output>
        </test-method> <!-- afterClass -->
      </class> <!-- TestClasses.VerifyUserCanBuyProduct -->
    </test> <!-- chromeTest -->
  </suite> <!-- Suite -->
</testng-results>
